[2017-11-13 00:04:27] START
[2017-11-13 00:11:20] EDIT exchange/controllers/default.py: 4
[2017-11-13 00:12:13] EDIT exchange/controllers/default.py: 2
[2017-11-13 00:14:02] CREATE default/main.html: 0
[2017-11-13 00:14:11] EDIT exchange/views/default/main.html: 0
[2017-11-13 00:19:27] EDIT exchange/views/default/main.html: -1
[2017-11-13 02:28:00] EDIT exchange/controllers/default.py: 0
[2017-11-13 02:30:01] EDIT exchange/controllers/default.py: 1
[2017-11-13 02:30:55] EDIT exchange/controllers/default.py: 0
[2017-11-13 02:31:49] EDIT exchange/controllers/default.py: 0
[2017-11-13 02:37:10] EDIT exchange/controllers/default.py: 4
[2017-11-13 02:37:18] EDIT exchange/controllers/default.py: 0
[2017-11-13 02:42:14] EDIT exchange/models/db.py: 0
[2017-11-13 09:40:38] EDIT exchange/controllers/default.py: 5
[2017-11-13 09:41:23] EDIT exchange/controllers/default.py: 0
[2017-11-13 09:42:55] EDIT exchange/controllers/default.py: 0
[2017-11-13 09:44:40] EDIT exchange/controllers/default.py: 1
[2017-11-13 09:53:16] EDIT exchange/controllers/default.py: 0
[2017-11-13 09:57:22] EDIT exchange/controllers/default.py: 0
[2017-11-13 09:57:49] EDIT exchange/controllers/default.py: -1
[2017-11-13 09:59:19] EDIT exchange/controllers/default.py: 1
[2017-11-13 09:59:42] EDIT exchange/controllers/default.py: 0
[2017-11-13 10:00:18] EDIT exchange/controllers/default.py: 0
[2017-11-13 10:00:50] EDIT exchange/controllers/default.py: 0
[2017-11-13 10:01:12] EDIT exchange/controllers/default.py: 0
[2017-11-13 10:01:48] EDIT exchange/controllers/default.py: 0
[2017-11-13 10:01:59] EDIT exchange/controllers/default.py: 0
[2017-11-13 10:04:27] EDIT exchange/controllers/default.py: 1
[2017-11-13 10:05:17] EDIT exchange/controllers/default.py: 0
[2017-11-13 10:05:37] EDIT exchange/controllers/default.py: 1
[2017-11-13 10:05:56] EDIT exchange/controllers/default.py: 1
[2017-11-13 10:06:21] EDIT exchange/controllers/default.py: 0
[2017-11-13 10:06:48] EDIT exchange/controllers/default.py: 0
[2017-11-13 10:07:03] EDIT exchange/controllers/default.py: -1
[2017-11-13 10:07:52] EDIT exchange/controllers/default.py: 1
[2017-11-13 10:12:17] EDIT exchange/controllers/default.py: 3
[2017-11-13 10:13:02] EDIT exchange/controllers/default.py: 0
[2017-11-13 10:13:52] EDIT exchange/controllers/default.py: 1
[2017-11-13 10:13:54] EDIT exchange/controllers/default.py: 0
[2017-11-13 11:17:27] EDIT exchange/controllers/default.py: 1
[2017-11-13 11:17:48] EDIT exchange/controllers/default.py: 0
[2017-11-13 11:23:18] EDIT exchange/controllers/default.py: 0
[2017-11-13 11:23:51] EDIT exchange/controllers/default.py: 0
[2017-11-13 11:23:55] EDIT exchange/controllers/default.py: 0
[2017-11-13 11:24:46] EDIT exchange/controllers/default.py: -1
[2017-11-13 11:25:39] EDIT exchange/controllers/default.py: 1
[2017-11-13 11:26:06] EDIT exchange/controllers/default.py: 0
[2017-11-13 11:26:23] EDIT exchange/controllers/default.py: 0
[2017-11-13 16:18:15] EDIT exchange/controllers/default.py: 3
[2017-11-13 16:18:39] EDIT exchange/controllers/default.py: 0
[2017-11-13 16:26:13] EDIT exchange/controllers/default.py: 0
[2017-11-13 16:27:25] EDIT exchange/controllers/default.py: 0
[2017-11-13 16:27:40] EDIT exchange/controllers/default.py: 0
[2017-11-13 16:30:12] EDIT exchange/controllers/default.py: 0
[2017-11-13 16:31:54] EDIT exchange/views/default/main.html: 0
[2017-11-13 16:32:20] EDIT exchange/controllers/default.py: 0
[2017-11-13 16:33:57] EDIT exchange/controllers/default.py: 2
[2017-11-13 17:03:30] EDIT exchange/controllers/default.py: -1
[2017-11-13 17:11:44] EDIT exchange/controllers/default.py: -2
[2017-11-13 17:13:25] EDIT exchange/controllers/default.py: 0
[2017-11-13 17:14:05] EDIT exchange/controllers/default.py: 0
[2017-11-13 17:15:23] EDIT exchange/controllers/default.py: 0
[2017-11-13 17:18:22] EDIT exchange/controllers/default.py: 0
[2017-11-13 17:19:19] EDIT exchange/controllers/default.py: 0
[2017-11-13 17:19:25] EDIT exchange/controllers/default.py: 0
[2017-11-13 17:20:23] EDIT exchange/controllers/default.py: 0
[2017-11-13 17:20:44] EDIT exchange/controllers/default.py: 0
[2017-11-13 17:52:41] EDIT exchange/controllers/default.py: 2
[2017-11-13 21:02:50] EDIT exchange/models/db.py: 6
[2017-11-13 21:05:10] EDIT exchange/models/db.py: 3
[2017-11-13 21:06:28] EDIT exchange/models/db.py: 1
[2017-11-13 21:07:08] EDIT exchange/models/db.py: 7
[2017-11-13 21:07:29] EDIT exchange/models/db.py: 0
[2017-11-13 21:07:31] EDIT exchange/models/db.py: 0
[2017-11-13 21:08:01] EDIT exchange/models/db.py: 1
[2017-11-13 21:08:13] EDIT exchange/models/db.py: 0
[2017-11-13 21:08:53] EDIT exchange/models/db.py: 0
[2017-11-13 21:09:16] EDIT exchange/models/db.py: 0
[2017-11-13 21:09:49] EDIT exchange/models/db.py: 0
[2017-11-13 21:10:33] EDIT exchange/models/db.py: 0
[2017-11-13 21:11:18] EDIT exchange/models/db.py: 0
[2017-11-13 21:11:42] EDIT exchange/models/db.py: 0
[2017-11-13 21:12:56] EDIT exchange/models/db.py: 0
[2017-11-13 21:13:18] EDIT exchange/models/db.py: 0
[2017-11-13 21:13:46] EDIT exchange/models/db.py: 0
[2017-11-13 21:16:59] EDIT exchange/models/db.py: 0
[2017-11-13 21:17:07] EDIT exchange/models/db.py: -1
[2017-11-13 21:18:10] EDIT exchange/models/db.py: 1
[2017-11-13 21:18:34] EDIT exchange/models/db.py: 0
[2017-11-13 21:18:53] EDIT exchange/models/db.py: -1
[2017-11-13 21:20:20] EDIT exchange/models/db.py: 1
[2017-11-13 21:20:51] EDIT exchange/models/db.py: -1
[2017-11-13 21:21:51] EDIT exchange/models/db.py: -1
[2017-11-13 21:22:56] EDIT exchange/models/db.py: 0
[2017-11-13 21:23:31] EDIT exchange/models/db.py: 1
[2017-11-13 21:23:48] EDIT exchange/models/db.py: 0
[2017-11-13 21:23:59] EDIT exchange/models/db.py: -1
[2017-11-13 21:24:10] EDIT exchange/models/db.py: 0
[2017-11-13 21:24:27] EDIT exchange/models/db.py: 1
[2017-11-13 21:24:42] EDIT exchange/models/db.py: 0
[2017-11-13 21:24:52] EDIT exchange/models/db.py: 1
[2017-11-13 21:25:08] EDIT exchange/models/db.py: -1
[2017-11-13 21:25:21] EDIT exchange/models/db.py: 0
[2017-11-13 21:25:41] EDIT exchange/models/db.py: 1
[2017-11-13 21:26:03] EDIT exchange/models/db.py: -1
[2017-11-13 21:43:17] EDIT exchange/controllers/default.py: 10
[2017-11-13 21:58:03] EDIT exchange/controllers/default.py: 8
[2017-11-13 21:58:47] EDIT exchange/models/db.py: 0
[2017-11-13 21:59:47] EDIT exchange/controllers/default.py: -1
[2017-11-13 22:09:52] EDIT exchange/controllers/default.py: 2
[2017-11-13 22:14:36] EDIT exchange/controllers/default.py: 7
[2017-11-13 22:24:31] EDIT exchange/controllers/default.py: 4
[2017-11-13 22:25:36] EDIT exchange/controllers/default.py: 0
[2017-11-13 22:26:55] EDIT exchange/controllers/default.py: 2
[2017-11-13 22:30:37] EDIT exchange/controllers/default.py: 8
[2017-11-13 22:31:29] EDIT exchange/controllers/default.py: 0
[2017-11-13 22:33:32] EDIT exchange/controllers/default.py: 2
[2017-11-13 22:34:08] EDIT exchange/controllers/default.py: 2
[2017-11-13 22:35:00] EDIT exchange/controllers/default.py: 0
[2017-11-13 22:37:53] EDIT exchange/controllers/default.py: 0
[2017-11-13 22:40:32] EDIT exchange/controllers/default.py: 0
[2017-11-13 22:42:17] EDIT exchange/controllers/default.py: 0
[2017-11-13 22:46:17] EDIT exchange/controllers/default.py: 0
[2017-11-13 22:46:18] EDIT exchange/controllers/default.py: 0
[2017-11-13 22:46:18] EDIT exchange/controllers/default.py: 0
[2017-11-13 22:46:18] EDIT exchange/controllers/default.py: 0
[2017-11-13 22:46:18] EDIT exchange/controllers/default.py: 0
[2017-11-13 22:46:19] EDIT exchange/controllers/default.py: 0
[2017-11-13 22:46:19] EDIT exchange/controllers/default.py: 0
[2017-11-13 22:46:19] EDIT exchange/controllers/default.py: 0
[2017-11-13 22:46:50] EDIT exchange/controllers/default.py: 1
[2017-11-13 22:52:57] EDIT exchange/controllers/default.py: 7
[2017-11-13 22:53:02] EDIT exchange/controllers/default.py: 1
[2017-11-13 22:55:32] EDIT exchange/controllers/default.py: 1
[2017-11-13 22:55:44] EDIT exchange/controllers/default.py: 0
[2017-11-13 22:56:06] EDIT exchange/controllers/default.py: 0
[2017-11-13 22:56:22] EDIT exchange/controllers/default.py: 0
[2017-11-13 23:04:50] EDIT exchange/controllers/default.py: 3
[2017-11-13 23:05:14] EDIT exchange/controllers/default.py: 0
[2017-11-13 23:07:01] EDIT exchange/controllers/default.py: 1
[2017-11-13 23:07:12] EDIT exchange/controllers/default.py: 0
[2017-11-13 23:33:59] EDIT exchange/controllers/default.py: 1
[2017-11-13 23:49:59] EDIT exchange/controllers/default.py: 13
[2017-11-13 23:51:54] EDIT exchange/controllers/default.py: 6
[2017-11-13 23:52:00] EDIT exchange/controllers/default.py: 0
[2017-11-13 23:52:15] EDIT exchange/controllers/default.py: 1
[2017-11-13 23:52:39] EDIT exchange/controllers/default.py: 0
[2017-11-13 23:53:48] EDIT exchange/controllers/default.py: 0
[2017-11-13 23:57:48] EDIT exchange/controllers/default.py: 2
[2017-11-13 23:57:52] EDIT exchange/controllers/default.py: 0
[2017-11-13 23:58:29] EDIT exchange/controllers/default.py: 0
[2017-11-13 23:59:05] EDIT exchange/controllers/default.py: 0
[2017-11-13 23:59:19] EDIT exchange/controllers/default.py: 0
[2017-11-13 23:59:34] EDIT exchange/controllers/default.py: 0
[2017-11-14 00:02:06] EDIT exchange/controllers/default.py: 2
[2017-11-14 00:04:13] EDIT exchange/controllers/default.py: 0
[2017-11-14 00:15:27] EDIT exchange/controllers/default.py: 34
[2017-11-14 00:16:41] EDIT exchange/controllers/default.py: 0
[2017-11-14 00:18:29] EDIT exchange/controllers/default.py: 0
[2017-11-14 00:18:57] EDIT exchange/controllers/default.py: 0
[2017-11-14 00:21:09] EDIT exchange/controllers/default.py: 0
[2017-11-14 00:26:25] EDIT exchange/controllers/default.py: 11
[2017-11-14 00:30:41] EDIT exchange/controllers/default.py: 0
[2017-11-14 00:32:23] EDIT exchange/controllers/default.py: 1
[2017-11-14 00:33:08] EDIT exchange/controllers/default.py: 0
[2017-11-14 00:34:33] EDIT exchange/controllers/default.py: 3
[2017-11-14 00:34:36] EDIT exchange/controllers/default.py: 0
[2017-11-14 00:35:11] EDIT exchange/controllers/default.py: 0
[2017-11-14 00:36:00] EDIT exchange/controllers/default.py: 0
[2017-11-14 00:37:36] EDIT exchange/controllers/default.py: 2
[2017-11-14 00:37:45] EDIT exchange/controllers/default.py: 0
[2017-11-14 00:41:48] EDIT exchange/controllers/default.py: -12
[2017-11-14 00:46:29] EDIT exchange/controllers/default.py: 0
[2017-11-14 00:47:39] EDIT exchange/controllers/default.py: 0
[2017-11-14 00:57:01] EDIT exchange/controllers/default.py: 2
[2017-11-14 00:59:06] EDIT exchange/controllers/default.py: 2
[2017-11-14 01:00:25] EDIT exchange/controllers/default.py: 0
[2017-11-14 01:01:23] EDIT exchange/controllers/default.py: -8
[2017-11-14 01:01:50] EDIT exchange/controllers/default.py: 0
[2017-11-14 01:13:16] EDIT exchange/controllers/default.py: 11
[2017-11-14 01:16:15] EDIT exchange/controllers/default.py: 1
[2017-11-14 01:18:11] EDIT exchange/controllers/default.py: 0
[2017-11-14 01:41:28] EDIT exchange/controllers/default.py: -1
[2017-11-14 01:48:02] EDIT exchange/controllers/default.py: 1
[2017-11-14 01:50:03] EDIT exchange/controllers/default.py: 3
[2017-11-14 01:50:09] EDIT exchange/controllers/default.py: 0
[2017-11-14 02:15:51] EDIT exchange/controllers/default.py: 0
[2017-11-14 02:16:00] EDIT exchange/controllers/default.py: 0
[2017-11-14 02:18:47] EDIT exchange/controllers/default.py: 0
[2017-11-14 02:20:31] EDIT exchange/controllers/default.py: 1
[2017-11-14 02:21:33] EDIT exchange/controllers/default.py: 0
[2017-11-14 02:57:47] EDIT exchange/controllers/default.py: 17
[2017-11-14 03:01:50] EDIT exchange/controllers/default.py: 6
[2017-11-14 03:02:26] EDIT exchange/controllers/default.py: 1
[2017-11-14 03:05:44] EDIT exchange/controllers/default.py: -1
[2017-11-14 03:08:18] EDIT exchange/controllers/default.py: -1
[2017-11-14 03:09:18] EDIT exchange/controllers/default.py: 0
[2017-11-14 03:09:52] EDIT exchange/controllers/default.py: 0
[2017-11-14 21:07:58] EDIT exchange/controllers/default.py: 0
[2017-11-14 21:08:05] EDIT exchange/controllers/default.py: 0
[2017-11-14 21:08:10] EDIT exchange/controllers/default.py: 0
[2017-11-14 21:08:59] EDIT exchange/controllers/default.py: 0
[2017-11-14 21:09:48] EDIT exchange/controllers/default.py: 0
[2017-11-14 21:10:20] EDIT exchange/controllers/default.py: 0
[2017-11-14 21:10:48] EDIT exchange/controllers/default.py: 1
[2017-11-14 21:11:55] EDIT exchange/controllers/default.py: 0
[2017-11-14 21:12:11] EDIT exchange/controllers/default.py: 1
[2017-11-17 23:10:55] EDIT exchange/controllers/default.py: 1
[2017-11-17 23:12:16] EDIT exchange/controllers/default.py: 0
[2017-11-17 23:12:17] EDIT exchange/controllers/default.py: 0
[2017-11-17 23:12:52] EDIT exchange/controllers/default.py: 0
[2017-11-17 23:14:10] EDIT exchange/controllers/default.py: 1
[2017-11-17 23:17:14] EDIT exchange/controllers/default.py: 1
[2017-11-17 23:39:33] EDIT exchange/controllers/default.py: 0
[2017-11-17 23:39:58] EDIT exchange/controllers/default.py: 0
[2017-11-17 23:40:47] EDIT exchange/controllers/default.py: 0
[2017-11-17 23:55:31] EDIT exchange/controllers/default.py: 1
[2017-11-17 23:56:36] EDIT exchange/controllers/default.py: 0
[2017-11-17 23:56:49] EDIT exchange/controllers/default.py: 0
[2017-11-17 23:56:56] EDIT exchange/controllers/default.py: 0
[2017-11-17 23:57:22] EDIT exchange/controllers/default.py: 0
[2017-11-17 23:57:40] EDIT exchange/controllers/default.py: 0
[2017-11-17 23:57:56] EDIT exchange/controllers/default.py: 0
[2017-11-17 23:58:26] EDIT exchange/controllers/default.py: 0
[2017-11-17 23:59:09] EDIT exchange/controllers/default.py: 0
[2017-11-18 00:00:47] EDIT exchange/controllers/default.py: 0
[2017-11-18 00:01:00] EDIT exchange/controllers/default.py: 0
[2017-11-18 00:02:37] EDIT exchange/controllers/default.py: 0
[2017-11-18 00:02:55] EDIT exchange/controllers/default.py: 0
[2017-11-18 00:03:40] EDIT exchange/controllers/default.py: 0
[2017-11-18 00:03:59] EDIT exchange/controllers/default.py: 0
[2017-11-18 00:05:59] EDIT exchange/controllers/default.py: 0
[2017-11-18 00:10:52] EDIT exchange/controllers/default.py: 1
[2017-11-18 00:11:34] EDIT exchange/controllers/default.py: 0
[2017-11-18 00:12:01] EDIT exchange/controllers/default.py: 0
[2017-11-18 00:12:46] EDIT exchange/controllers/default.py: 0
[2017-11-18 00:28:59] EDIT exchange/controllers/default.py: 0
[2017-11-18 00:29:19] EDIT exchange/controllers/default.py: 0
[2017-11-18 00:30:31] EDIT exchange/controllers/default.py: 0
[2017-11-18 00:41:14] EDIT exchange/controllers/default.py: 0
[2017-11-18 00:42:05] EDIT exchange/controllers/default.py: 0
[2017-11-18 00:42:56] EDIT exchange/controllers/default.py: 0
[2017-11-18 00:43:36] EDIT exchange/controllers/default.py: 0
[2017-11-18 00:43:45] EDIT exchange/controllers/default.py: 0
[2017-11-18 00:45:20] EDIT exchange/controllers/default.py: 1
[2017-11-18 00:47:49] EDIT exchange/controllers/default.py: 0
[2017-11-18 00:48:35] EDIT exchange/controllers/default.py: 0
[2017-11-18 00:49:13] EDIT exchange/controllers/default.py: 0
[2017-11-18 00:50:11] EDIT exchange/controllers/default.py: 1
[2017-11-18 00:51:13] EDIT exchange/controllers/default.py: 0
[2017-11-18 00:52:22] EDIT exchange/controllers/default.py: 0
[2017-11-18 00:52:44] EDIT exchange/controllers/default.py: 0
[2017-11-18 00:54:13] EDIT exchange/controllers/default.py: 1
[2017-11-18 00:54:40] EDIT exchange/controllers/default.py: 0
[2017-11-18 00:55:23] EDIT exchange/controllers/default.py: 0
[2017-11-18 00:55:52] EDIT exchange/controllers/default.py: 0
[2017-11-18 01:04:52] EDIT exchange/controllers/default.py: 0
[2017-11-18 01:55:21] EDIT exchange/controllers/default.py: 1
[2017-11-18 01:56:21] EDIT exchange/controllers/default.py: 0
[2017-11-18 01:56:49] EDIT exchange/controllers/default.py: 0
